#
# There is insufficient memory for the Java Runtime Environment to continue.
# Native memory allocation (mmap) failed to map 268435456 bytes for Failed to commit area from 0x0000000700a00000 to 0x0000000710a00000 of length 268435456.
# Possible reasons:
#   The system is out of physical RAM or swap space
#   The process is running with CompressedOops enabled, and the Java Heap may be blocking the growth of the native heap
# Possible solutions:
#   Reduce memory load on the system
#   Increase physical memory or swap space
#   Check if swap backing store is full
#   Decrease Java heap size (-Xmx/-Xms)
#   Decrease number of Java threads
#   Decrease Java thread stack sizes (-Xss)
#   Set larger code cache with -XX:ReservedCodeCacheSize=
# This output file may be truncated or incomplete.
#
#  Out of Memory Error (./src/hotspot/os/windows/os_windows.cpp:3390), pid=6216, tid=22348
#
# JRE version:  (11.0.15+10) (build )
# Java VM: OpenJDK 64-Bit Server VM (11.0.15+10, mixed mode, sharing, tiered, compressed oops, g1 gc, windows-amd64)
# No core dump will be written. Minidumps are not enabled by default on client versions of Windows
#

---------------  S U M M A R Y ------------

Command Line: -javaagent:D:\IntelliJ\lib\idea_rt.jar=62523:D:\IntelliJ\bin -Dfile.encoding=UTF-8 IoobProgram

Host: Intel(R) Core(TM) i7-7700HQ CPU @ 2.80GHz, 8 cores, 15G,  Windows 11 , 64 bit Build 22000 (10.0.22000.708)
Time: Mon Aug  8 13:51:43 2022 Eastern Daylight Time elapsed time: 0.024817 seconds (0d 0h 0m 0s)

---------------  T H R E A D  ---------------

Current thread (0x0000018f6d0a3800):  JavaThread "Unknown thread" [_thread_in_vm, id=22348, stack(0x0000007b7b600000,0x0000007b7b700000)]

Stack: [0x0000007b7b600000,0x0000007b7b700000]
Native frames: (J=compiled Java code, j=interpreted, Vv=VM code, C=native code)
V  [jvm.dll+0x61e72a]
V  [jvm.dll+0x7aae49]
V  [jvm.dll+0x7ac538]
V  [jvm.dll+0x7acc13]
V  [jvm.dll+0x24fb28]
V  [jvm.dll+0x61b9ca]
V  [jvm.dll+0x610225]
V  [jvm.dll+0x30784c]
V  [jvm.dll+0x3076d2]
V  [jvm.dll+0x30c3e6]
V  [jvm.dll+0x35283f]
V  [jvm.dll+0x352270]
V  [jvm.dll+0x2e4848]
V  [jvm.dll+0x2e59a6]
V  [jvm.dll+0x784c97]
V  [jvm.dll+0x78641f]
V  [jvm.dll+0x35f589]
V  [jvm.dll+0x767c30]
V  [jvm.dll+0x3cd07f]
V  [jvm.dll+0x3cf411]
C  [jli.dll+0x5207]
C  [ucrtbase.dll+0x26c0c]
C  [KERNEL32.DLL+0x154e0]
C  [ntdll.dll+0x485b]


---------------  P R O C E S S  ---------------

Threads class SMR info:
_java_thread_list=0x0000018f6c2b6820, length=0, elements={
}

Java Threads: ( => current thread )

Other Threads:
  0x0000018f6d0bd800 GCTaskThread "GC Thread#0" [stack: 0x0000007b7b700000,0x0000007b7b800000] [id=21752]
  0x0000018f6d11a800 ConcurrentGCThread "G1 Main Marker" [stack: 0x0000007b7b800000,0x0000007b7b900000] [id=21528]
  0x0000018f6d11d800 ConcurrentGCThread "G1 Conc#0" [stack: 0x0000007b7b900000,0x0000007b7ba00000] [id=21652]

[error occurred during error reporting (printing all threads), id 0xc0000005, EXCEPTION_ACCESS_VIOLATION (0xc0000005) at pc=0x00007ffacc994017]

VM state:not at safepoint (not fully initialized)

VM Mutex/Monitor currently owned by a thread:  ([mutex/lock_event])
[0x0000018f6d0a08f0] Heap_lock - owner thread: 0x0000018f6d0a3800

Heap address: 0x0000000700a00000, size: 4086 MB, Compressed Oops mode: Non-zero based: 0x0000000700a00000
Narrow klass base: 0x0000000000000000, Narrow klass shift: 0

GC Heap History (0 events):
No events

Deoptimization events (0 events):
No events

Classes redefined (0 events):
No events

Internal exceptions (0 events):
No events

Events (1 events):
Event: 0.019 Loaded shared library C:\Program Files\Eclipse Adoptium\jdk-11.0.15.10-hotspot\bin\zip.dll


Dynamic libraries:
0x00007ff6e4cc0000 - 0x00007ff6e4ccd000 	C:\Program Files\Eclipse Adoptium\jdk-11.0.15.10-hotspot\bin\java.exe
0x00007ffb48920000 - 0x00007ffb48b29000 	C:\Windows\SYSTEM32\ntdll.dll
0x00007ffb485f0000 - 0x00007ffb486ad000 	C:\Windows\System32\KERNEL32.DLL
0x00007ffb45e60000 - 0x00007ffb461dd000 	C:\Windows\System32\KERNELBASE.dll
0x00007ffb07e00000 - 0x00007ffb07f23000 	C:\Program Files\Bitdefender\Bitdefender Security\atcuf\dlls_265936896667413839\atcuf64.dll
0x00007ffb42960000 - 0x00007ffb429f1000 	C:\Windows\SYSTEM32\apphelp.dll
0x00007ffb466f0000 - 0x00007ffb46801000 	C:\Windows\System32\ucrtbase.dll
0x00007ffb3b6b0000 - 0x00007ffb3b6c7000 	C:\Program Files\Eclipse Adoptium\jdk-11.0.15.10-hotspot\bin\jli.dll
0x00007ffb48730000 - 0x00007ffb488dd000 	C:\Windows\System32\USER32.dll
0x00007ffb465a0000 - 0x00007ffb465c6000 	C:\Windows\System32\win32u.dll
0x00007ffb46a20000 - 0x00007ffb46a49000 	C:\Windows\System32\GDI32.dll
0x00007ffb46480000 - 0x00007ffb46598000 	C:\Windows\System32\gdi32full.dll
0x00007ffb46650000 - 0x00007ffb466ed000 	C:\Windows\System32\msvcp_win.dll
0x00007ffb32b80000 - 0x00007ffb32b95000 	C:\Program Files\Eclipse Adoptium\jdk-11.0.15.10-hotspot\bin\VCRUNTIME140.dll
0x00007ffb23840000 - 0x00007ffb23ae5000 	C:\Windows\WinSxS\amd64_microsoft.windows.common-controls_6595b64144ccf1df_6.0.22000.120_none_9d947278b86cc467\COMCTL32.dll
0x00007ffb47f60000 - 0x00007ffb48003000 	C:\Windows\System32\msvcrt.dll
0x00007ffb47b70000 - 0x00007ffb47ba1000 	C:\Windows\System32\IMM32.DLL
0x00007ffb01130000 - 0x00007ffb011cb000 	C:\Program Files\Eclipse Adoptium\jdk-11.0.15.10-hotspot\bin\msvcp140.dll
0x00007ffacc6a0000 - 0x00007ffacd221000 	C:\Program Files\Eclipse Adoptium\jdk-11.0.15.10-hotspot\bin\server\jvm.dll
0x00007ffb48070000 - 0x00007ffb4811e000 	C:\Windows\System32\ADVAPI32.dll
0x00007ffb47000000 - 0x00007ffb4709e000 	C:\Windows\System32\sechost.dll
0x00007ffb47260000 - 0x00007ffb47380000 	C:\Windows\System32\RPCRT4.dll
0x00007ffb47380000 - 0x00007ffb47388000 	C:\Windows\System32\PSAPI.DLL
0x00007ffb31240000 - 0x00007ffb31249000 	C:\Windows\SYSTEM32\WSOCK32.dll
0x00007ffb486b0000 - 0x00007ffb4871f000 	C:\Windows\System32\WS2_32.dll
0x00007ffb414a0000 - 0x00007ffb414d3000 	C:\Windows\SYSTEM32\WINMM.dll
0x00007ffb40a10000 - 0x00007ffb40a1a000 	C:\Windows\SYSTEM32\VERSION.dll
0x00007ffb45050000 - 0x00007ffb45068000 	C:\Windows\SYSTEM32\kernel.appcore.dll
0x00007ffb2fe20000 - 0x00007ffb2fe30000 	C:\Program Files\Eclipse Adoptium\jdk-11.0.15.10-hotspot\bin\verify.dll
0x00007ffb43b00000 - 0x00007ffb43d21000 	C:\Windows\SYSTEM32\DBGHELP.DLL
0x00007ffb3e2e0000 - 0x00007ffb3e311000 	C:\Windows\SYSTEM32\dbgcore.DLL
0x00007ffb465d0000 - 0x00007ffb4664f000 	C:\Windows\System32\bcryptPrimitives.dll
0x00007ffb2fdf0000 - 0x00007ffb2fe18000 	C:\Program Files\Eclipse Adoptium\jdk-11.0.15.10-hotspot\bin\java.dll
0x00007ffb2fde0000 - 0x00007ffb2fdea000 	C:\Program Files\Eclipse Adoptium\jdk-11.0.15.10-hotspot\bin\jimage.dll
0x00007ffb417a0000 - 0x00007ffb417ae000 	C:\Program Files\Eclipse Adoptium\jdk-11.0.15.10-hotspot\bin\instrument.dll
0x00007ffb01110000 - 0x00007ffb01128000 	C:\Program Files\Eclipse Adoptium\jdk-11.0.15.10-hotspot\bin\zip.dll

dbghelp: loaded successfully - version: 4.0.5 - missing functions: none
symbol engine: initialized successfully - sym options: 0x614 - pdb path: .;C:\Program Files\Eclipse Adoptium\jdk-11.0.15.10-hotspot\bin;C:\Windows\SYSTEM32;C:\Program Files\Bitdefender\Bitdefender Security\atcuf\dlls_265936896667413839;C:\Windows\WinSxS\amd64_microsoft.windows.common-controls_6595b64144ccf1df_6.0.22000.120_none_9d947278b86cc467;C:\Program Files\Eclipse Adoptium\jdk-11.0.15.10-hotspot\bin\server

VM Arguments:
jvm_args: -javaagent:D:\IntelliJ\lib\idea_rt.jar=62523:D:\IntelliJ\bin -Dfile.encoding=UTF-8 
java_command: IoobProgram
java_class_path (initial): D:\Java Eclipse IDE\Workspace directory\git_test\PracticeProject\TMCProjects\mooc-java-programming-i\part03-Part03_03.IndexOutOfBoundsException\target\classes
Launcher Type: SUN_STANDARD

[Global flags]
     intx CICompilerCount                          = 4                                         {product} {ergonomic}
     uint ConcGCThreads                            = 2                                         {product} {ergonomic}
     uint G1ConcRefinementThreads                  = 8                                         {product} {ergonomic}
   size_t G1HeapRegionSize                         = 1048576                                   {product} {ergonomic}
    uintx GCDrainStackTargetSize                   = 64                                        {product} {ergonomic}
   size_t InitialHeapSize                          = 268435456                                 {product} {ergonomic}
   size_t MarkStackSize                            = 4194304                                   {product} {ergonomic}
   size_t MaxHeapSize                              = 4284481536                                {product} {ergonomic}
   size_t MinHeapDeltaBytes                        = 1048576                                   {product} {ergonomic}
    uintx NonNMethodCodeHeapSize                   = 5836300                                {pd product} {ergonomic}
    uintx NonProfiledCodeHeapSize                  = 122910970                              {pd product} {ergonomic}
    uintx ProfiledCodeHeapSize                     = 122910970                              {pd product} {ergonomic}
    uintx ReservedCodeCacheSize                    = 251658240                              {pd product} {ergonomic}
     bool SegmentedCodeCache                       = true                                      {product} {ergonomic}
     bool UseCompressedClassPointers               = true                                 {lp64_product} {ergonomic}
     bool UseCompressedOops                        = true                                 {lp64_product} {ergonomic}
     bool UseG1GC                                  = true                                      {product} {ergonomic}
     bool UseLargePagesIndividualAllocation        = false                                  {pd product} {ergonomic}

Logging:
Log output configuration:
 #0: stdout all=warning uptime,level,tags
 #1: stderr all=off uptime,level,tags

Environment Variables:
JAVA_HOME=C:\Program Files\Eclipse Adoptium\jdk-11.0.15.10-hotspot\
PATH=C:\Program Files\Eclipse Adoptium\jdk-11.0.15.10-hotspot\bin;D:\Oracle\bin;D:\Python\Scripts\;D:\Python\;C:\Program Files (x86)\Intel\iCLS Client\;C:\Program Files\Intel\iCLS Client\;C:\Windows\system32;C:\Windows;C:\Windows\System32\Wbem;C:\Windows\System32\WindowsPowerShell\v1.0\;C:\Program Files (x86)\Intel\Intel(R) Management Engine Components\DAL;C:\Program Files\Intel\Intel(R) Management Engine Components\DAL;C:\Program Files (x86)\Intel\Intel(R) Management Engine Components\IPT;C:\Program Files\Intel\Intel(R) Management Engine Components\IPT;C:\Program Files\Intel\WiFi\bin\;C:\Program Files\Common Files\Intel\WirelessCommon\;C:\Windows\system32;C:\Windows;C:\Windows\System32\Wbem;C:\Windows\System32\WindowsPowerShell\v1.0\;C:\Windows\System32\OpenSSH\;D:\Git\cmd;C:\Program Files\Microsoft SQL Server\Client SDK\ODBC\170\Tools\Binn\;C:\Program Files (x86)\Microsoft SQL Server\150\Tools\Binn\;C:\Program Files\Microsoft SQL Server\150\Tools\Binn\;C:\Program Files\Microsoft SQL Server\150\DTS\Binn\;C:\Program Files (x86)\Microsoft SQL Server\150\DTS\Binn\;C:\Program Files\Azure Data Studio\bin;C:\Program Files\SourceGear\Common\DiffMerge\;C:\Program Files\MySQL\MySQL Shell 8.0\bin\;C:\Users\crock\AppData\Local\Microsoft\WindowsApps;;C:\Program Files\Azure Data Studio\bin
USERNAME=crock
OS=Windows_NT
PROCESSOR_IDENTIFIER=Intel64 Family 6 Model 158 Stepping 9, GenuineIntel



---------------  S Y S T E M  ---------------

OS: Windows 11 , 64 bit Build 22000 (10.0.22000.708)
OS uptime: 0 days 16:55 hours

CPU:total 8 (initial active 8) (4 cores per cpu, 2 threads per core) family 6 model 158 stepping 9 microcode 0xde, cmov, cx8, fxsr, mmx, sse, sse2, sse3, ssse3, sse4.1, sse4.2, popcnt, avx, avx2, aes, clmul, erms, 3dnowpref, lzcnt, ht, tsc, tscinvbit, bmi1, bmi2, adx, fma

Memory: 4k page, system-wide physical 16336M (1723M free)
TotalPageFile size 31485M (AvailPageFile size 117M)
current process WorkingSet (physical memory assigned to process): 12M, peak: 12M
current process commit charge ("private bytes"): 62M, peak: 318M

vm_info: OpenJDK 64-Bit Server VM (11.0.15+10) for windows-amd64 JRE (11.0.15+10), built on Apr 19 2022 22:29:44 by "" with unknown MS VC++:1916

END.
